21:03:04 **** Incremental Build of configuration Debug for project app1b ****
make all 
'Building file: ../rs_xplained.c'
'Invoking: AVR Compiler'
avr-gcc -Wall -g2 -gstabs -O2 -fpack-struct -fshort-enums -ffunction-sections -fdata-sections -std=gnu99 -funsigned-char -funsigned-bitfields -mmcu=atxmega128a1 -DF_CPU=2000000UL -MMD -MP -MF"rs_xplained.d" -MT"rs_xplained.d" -c -o "rs_xplained.o" "../rs_xplained.c"
In file included from ../rs_xplained.h:14:0,
                 from ../rs_xplained.c:8:
../board/comm.h:44:13: warning: 'comm_pc' defined but not used [-Wunused-variable]
'Finished building: ../rs_xplained.c'
' '
'Building target: app1b.elf'
'Invoking: AVR C Linker'
avr-gcc -Wl,-Map,app1b.map -mmcu=atxmega128a1 -o "app1b.elf"  ./modul/st7036/st7036.o  ./modul/fifo/fifo.o  ./mcu/atmel/mcu_atxmega128a1.o  ./board/board_xmega_a1_xplained.o  ./app1b.o ./rs_xplained.o   -lm
'Finished building target: app1b.elf'
' '
'Invoking: AVR Create Extended Listing'
avr-objdump -h -S app1b.elf  >"app1b.lss"
'Finished building: app1b.lss'
' '
'Invoking: Print Size'
avr-size --format=avr --mcu=atxmega128a1 app1b.elf
AVR Memory Usage
----------------
Device: atxmega128a1

Program:   14910 bytes (10.7% Full)
(.text + .data + .bootloader)

Data:        555 bytes (6.8% Full)
(.data + .bss + .noinit)


'Finished building: sizedummy'
' '

21:03:05 Build Finished (took 945ms)

